-------------------------------------------------------------------------------
Test set: SQLServer.SQLServerDemoTest
-------------------------------------------------------------------------------
Tests run: 3, Failures: 1, Errors: 0, Skipped: 0, Time elapsed: 0.941 sec <<< FAILURE!
SQLServer.SQLServerDemoTest.testUpdateDatas()  Time elapsed: 0.86 sec  <<< FAILURE!
com.microsoft.sqlserver.jdbc.SQLServerException: '=' ¸½½üÓÐÓï·¨´íÎó¡£
	at com.microsoft.sqlserver.jdbc.SQLServerException.makeFromDatabaseError(SQLServerException.java:232)
	at com.microsoft.sqlserver.jdbc.SQLServerStatement.getNextResult(SQLServerStatement.java:1672)
	at com.microsoft.sqlserver.jdbc.SQLServerStatement.doExecuteStatement(SQLServerStatement.java:903)
	at com.microsoft.sqlserver.jdbc.SQLServerStatement$StmtExecCmd.doExecute(SQLServerStatement.java:796)
	at com.microsoft.sqlserver.jdbc.TDSCommand.execute(IOBuffer.java:7535)
	at com.microsoft.sqlserver.jdbc.SQLServerConnection.executeCommand(SQLServerConnection.java:2438)
	at com.microsoft.sqlserver.jdbc.SQLServerStatement.executeCommand(SQLServerStatement.java:208)
	at com.microsoft.sqlserver.jdbc.SQLServerStatement.executeStatement(SQLServerStatement.java:183)
	at com.microsoft.sqlserver.jdbc.SQLServerStatement.execute(SQLServerStatement.java:769)
	at SQLServer.SQLServerDemo.updateData(SQLServerDemo.java:44)
	at SQLServer.SQLServerDemoTest.testUpdateDatas(SQLServerDemoTest.java:32)

