<?xml version="1.0" encoding="UTF-8" ?>
<testsuite tests="3" failures="1" name="SQLServer.SQLServerDemoTest" time="0.941" errors="0" skipped="0">
  <properties>
[...]
</properties>
  <testcase classname="SQLServer.SQLServerDemoTest" name="SQLServer.SQLServerDemoTest.testUpdateDatas" time="0.86">
    <failure message="&apos;=&apos; 附近有语法错误。" type="com.microsoft.sqlserver.jdbc.SQLServerException">com.microsoft.sqlserver.jdbc.SQLServerException: &apos;=&apos; 附近有语法错误。
	at com.microsoft.sqlserver.jdbc.SQLServerException.makeFromDatabaseError(SQLServerException.java:232)
	at com.microsoft.sqlserver.jdbc.SQLServerStatement.getNextResult(SQLServerStatement.java:1672)
	at com.microsoft.sqlserver.jdbc.SQLServerStatement.doExecuteStatement(SQLServerStatement.java:903)
	at com.microsoft.sqlserver.jdbc.SQLServerStatement$StmtExecCmd.doExecute(SQLServerStatement.java:796)
	at com.microsoft.sqlserver.jdbc.TDSCommand.execute(IOBuffer.java:7535)
	at com.microsoft.sqlserver.jdbc.SQLServerConnection.executeCommand(SQLServerConnection.java:2438)
	at com.microsoft.sqlserver.jdbc.SQLServerStatement.executeCommand(SQLServerStatement.java:208)
	at com.microsoft.sqlserver.jdbc.SQLServerStatement.executeStatement(SQLServerStatement.java:183)
	at com.microsoft.sqlserver.jdbc.SQLServerStatement.execute(SQLServerStatement.java:769)
	at SQLServer.SQLServerDemo.updateData(SQLServerDemo.java:44)
	at SQLServer.SQLServerDemoTest.testUpdateDatas(SQLServerDemoTest.java:32)
</failure>
  </testcase>
  <testcase classname="SQLServer.SQLServerDemoTest" name="SQLServer.SQLServerDemoTest.testFindDatas" time="0.057"/>
  <testcase classname="SQLServer.SQLServerDemoTest" name="SQLServer.SQLServerDemoTest.testFindAlldata" time="0.024"/>
</testsuite>